XOA938137 = 164430
SWZVOS780496 = 273545
QI981758 = 198642
QLDK237414 = 54538
PRSP392002 = 95
TTQZX764443 = 519
JXTHTB151234 = 900
JMX206375 = 19
J319604 = 34
RTAAV961925 = 364049
TFCPC909493 = 10971
ISMTL18998 = 30718
QJQM893659 = 547
SZ256025 = 9
KGPC525964 = 61566
VWCQVL480045 = 115018
GTCC938890 = 200328
PILSU28616 = 7271
UL433539 = 20
FQY887688 = 20
Z318574 = 154
QSQ83124 = 900
R461764 = 390
EBP197576 = 49961
XYKYG814958 = 1182143
UL504978 = 11
BTK737250 = 16796
GDQDF17755 = 8117
QNZGWU790638 = 8
K828746 = 297
IJKZV443109 = 75572
WBVX126605 = 11
XT126934 = 167810
LS987631 = 9896
OBJEW253141 = 60369
RM841005 = 23
TXI828272 = 42616
CDTOE556882 = 26888
TVMVNU96264 = 17
ZODXLQ768987 = 2177
RGWUPG35293 = 27761
VPRBXD729488 = 113
OF964669 = 134662
UL162599 = 21
RGOYIM284279 = 7223
CI933213 = 6
RERQQ48167 = 74
QSWQE96461 = 29949
BOAPOI14819 = 92
IZSO234448 = 48
RMHZZ63521 = 166
AHJZV827213 = 151
LEALLF516900 = 66823
FWEO373979 = 883
AM788770 = 1509
BQPVB233134 = 10387
ZHGQDT343730 = 20
VW179702 = 12
QPW51673 = 537
H180984 = 361
OMJUFE156562 = 1119
Q226843 = 44378
BLO726223 = 361
ZS758354 = 1149
AVPXYR661844 = 9
MVZF730554 = 149
MR498975 = 18
SMMJ161519 = 11
SP38884 = 17
GJD663832 = 130
XUV125121 = 16
B423587 = 361
ZI270514 = 18
OUGZ329055 = 6271
ZKFLU752056 = 188122
RONHJ840363 = 18196
IL329916 = 8290
JUW589113 = 382
CQISR52180 = 77708
GFX531831 = 42485
VMAHTT464202 = 7
KL735650 = 491565
MFADSR879967 = 30405
BEQQ888298 = 17
LTW409371 = 751
F112342 = 91779
QXQYIL155386 = 2637
AM712157 = 384
HGVAV541402 = 361
CXM766883 = 229154
QOKW810179 = 16
ZPVGIU955622 = 15
ON68759 = 83356
BSNO767461 = 1119
D565683 = 278304
DISJHT187167 = 547
O190233 = 74
EFJCJM622704 = 6264
XEWRP945358 = 878
DWEIZ381443 = 59791
