A389371 = 22905
A675666 = 3407
A743476 = 19764
A749923 = 15495
A803450 = 21011
A865572 = 9817
A889883 = 717
A899641 = 43288
AADRFP829906 = 17205
AD212620 = 4296
ADGCJX995171 = 11325
ADPS297802 = 44075
ADWDNG864442 = 6965
AEF337749 = 82268
AHS933957 = 5873
AHTRT911305 = 143
AHZFZD645666 = 404
AIG489257 = 237
AIO425853 = 4927
AIU138202 = 3360
AJ305838 = 262
AJ358281 = 508
AJ924567 = 51344
AJGDF995813 = 242
AK806625 = 7713
ALHR60691 = 62620
ALQJSL232713 = 11178
AN398711 = 19
ANSXIT12621 = 6359
AOH738684 = 558
AOHKKM805654 = 102652
AOM497079 = 1635
AP685838 = 7101
AR954697 = 1018
AREF432222 = 31040
ARN776635 = 5995
AS169945 = 3060
ASMMXF777938 = 1248
ASR194904 = 202275
AT249957 = 5023
AUAO614062 = 18384
AUEGCT986531 = 28131
AUQG392615 = 75102
AVTNTI391370 = 24243
AXB909843 = 17725
AXND794026 = 46811
AXREJX167958 = 6344
AZR77929 = 62754
B155896 = 17630
B183784 = 10226
B436764 = 3060
B838808 = 4293
B852991 = 6688
B856457 = 21397
BA376010 = 17
BALIN336862 = 4596
BBATQG694235 = 6916
BBNWTQ723374 = 430
BCFXUA999221 = 50
BFA607680 = 10
BFCL944208 = 9692
BFLWS86685 = 2782
BFR831880 = 96625
BG772211 = 64496
BGCV519525 = 6845
BGS761759 = 74313
BHFL299184 = 5071
BIRM698602 = 35974
BJKL226820 = 25758
BJLH474963 = 6708
BJSU525340 = 190
BMC238632 = 12
BMO269252 = 26728
BPAR998526 = 17893
BPE452191 = 11486
BQE623413 = 961
BRB666050 = 22591
BRID189072 = 134092
BRPOG330583 = 71
BSELW643552 = 3677
BSRSTU439405 = 3360
BTPVOJ225493 = 48133
BW950890 = 30307
BWV336461 = 214
BWZNZF917219 = 152761
BXBC739682 = 7729
BXBOF71091 = 5627
BYWXF758678 = 993
BZ728267 = 8958
BZEE557154 = 91510
BZRJA149011 = 28631
C209234 = 6336
C339451 = 49306
C375382 = 4704
C384080 = 5399
C564179 = 176629
C86726 = 10321
C889818 = 65955
CCEL197151 = 7272
CE677624 = 897
CF906105 = 9692
CGBR41598 = 42012
CGF379917 = 3281
CH632276 = 40166
CILYU754514 = 4633
CIMVT328136 = 57653
CIXJVN917728 = 25698
CJRL295901 = 4340
CKH554507 = 16667
CL371442 = 7410
CLEUCR149035 = 38928
CMSA343100 = 4863
CNDTV177737 = 71
CO611813 = 4106
CPULC361829 = 12064
CPZIZH959940 = 3998
CQIZQ275681 = 36520
CRYYRV311436 = 4254
CS134631 = 5270
CSJYTC348986 = 7334
CSNMDR584257 = 9692
CTAM51591 = 4348
CTTD864593 = 19095
CUEYAW122373 = 23
CUYI365678 = 4
CUZJUJ483830 = 9716
CVE465439 = 146
CVEGG397398 = 11644
CVPKZ848622 = 24
CWKC948048 = 193
CWUQH512180 = 7346
CWUQL836920 = 4633
CWW849157 = 35351
CX570585 = 694
CX791028 = 18146
CXALHH500236 = 58100
CXRD943788 = 69984
CZAUP436137 = 2045
CZECD580695 = 7809
D143067 = 23
D374545 = 24146
D463596 = 16
D49862 = 25
D570106 = 846
D764180 = 21113
DAHWB103552 = 21162
DAXVG7176 = 18562
DBQVA379077 = 7809
DCF111938 = 21107
DCROQ385311 = 1498
DEGJJ845391 = 8701
DGSG44056 = 5919
DHQJNS182951 = 24104
DHT338525 = 8134
DISKG711540 = 25899
DK64176 = 271
DKSQK38721 = 56242
DMTM636090 = 49
DOD992358 = 1925
DPHNO703434 = 16580
DPPHU993460 = 3060
DQV87708 = 8742
DR387479 = 4886
DR699197 = 9396
DRABYU724155 = 6905
DRQL871785 = 56445
DSP600263 = 961
DT750056 = 1451
DTHSO923939 = 33447
DTKJIE146981 = 5670
DUO50856 = 1468
DUZBS107244 = 5391
DVD629082 = 4106
DWY224226 = 11178
DXQEMC288726 = 4092
DZTKT366544 = 81297
E151295 = 178202
E234410 = 74
E234746 = 3571
E258686 = 21601
E378359 = 22220
E471643 = 22128
E702926 = 26491
E745692 = 84538
E75989 = 24
E806057 = 4992
E963994 = 62578
E972267 = 50
EA589810 = 19447
EBAXE4009 = 434
EBEL985352 = 404
EBT882359 = 17730
EBWN501888 = 24
EC152525 = 24722
ED350202 = 62837
EFAL723018 = 33617
EFTX690545 = 22511
EFVF162169 = 136
EI829175 = 12997
EL602961 = 8839
EM92207 = 9241
EMKOFC211440 = 77008
EMVXU706765 = 49633
EODA841769 = 20253
EOHMEG217448 = 399
EPCAD759198 = 608
EPD659087 = 95
EQ459286 = 32663
EQ569485 = 25822
ER542755 = 5964
ES187558 = 21939
ES907862 = 4390
EWQLQB864417 = 143
EXLS984804 = 25188
EYHDZ568895 = 17308
EYZ479217 = 129483
EZEE300103 = 36998
F101263 = 4315
F150290 = 22
F381063 = 6451
F609078 = 35613
F656679 = 37340
F763751 = 25095
F956873 = 8134
F964487 = 22199
FAKWDO532230 = 1633
FAO132798 = 7729
FAYJ265776 = 35316
FDAT175178 = 231
FDFK586576 = 25718
FDGC371814 = 54128
FDLV852330 = 18
FERMI388992 = 2285
FEZFN466772 = 217
FF343478 = 12061
FFKZS442965 = 5964
FG584996 = 96
FGKI882025 = 49983
FH528329 = 14147
FHG347019 = 9530
FHV674822 = 311
FI61500 = 422
FIZSX493152 = 516
FJ204286 = 49
FKYDUD908444 = 1199
FM181779 = 9358
FMAYSX836834 = 22
FOJGBB541115 = 46418
FOTVBK188243 = 211
FPN851342 = 6566
FQKNY653664 = 28082
FRENMZ731077 = 7272
FTGG38517 = 4059
FUHB336897 = 19273
FX485613 = 3664
FXATYU762493 = 17103
FY511139 = 12198
FZS474742 = 4862
G16185 = 2291
G19540 = 8041
G554294 = 23
G635268 = 11203
GC624528 = 33451
GC704176 = 38424
GFHMP693817 = 96
GG432707 = 3060
GI86795 = 25095
GKID108164 = 7404
GLMM789063 = 428
GLZ75103 = 27919
GMFUQ981861 = 1199
GMUKSZ167860 = 75509
GOTD962205 = 36146
GOYOJD146880 = 777
GPUKYG203926 = 2434
GQ737334 = 1253
GQPIJ73002 = 16
GRBK919313 = 1544
GSQIN135231 = 228270
GV955206 = 70
GXLLD138998 = 516
GZM868063 = 23893
GZP256188 = 49
H141611 = 24
H218609 = 439
H375018 = 10473
H454866 = 488
H503137 = 85670
H652384 = 897
H871265 = 6845
HA306583 = 40947
HBYBKF532135 = 11219
HCIHRV288000 = 69249
HD650459 = 1189
HF862186 = 20125
HFJ610512 = 34306
HHX287770 = 1269
HINEO355662 = 15
HJ684829 = 4272
HJUXGT380627 = 25975
HKWJY930817 = 214
HMLFHF192469 = 56445
HMNQN303275 = 421
HMPCV49837 = 3536
HMUZ149714 = 5743
HNFK334211 = 14420
HOOR557295 = 21601
HOQZLO920530 = 271
HOVMAU916415 = 70819
HPOC72949 = 8434
HQCX885589 = 74
HQDBFC298290 = 30444
HQLW262873 = 1342
HQNN27962 = 10425
HQYHGE42624 = 23
HQZUM461860 = 8005
HR118340 = 48870
HR252860 = 52773
HRI384726 = 16
HRVRPN630948 = 7674
HSLHT916572 = 11969
HTKFW46056 = 427
HVQDD990738 = 13026
HW811559 = 20710
HXPSG662541 = 35525
HYLCAH686793 = 3810
HYZ890801 = 17820
HZ793037 = 31946
I194604 = 147
I273193 = 37603
I353693 = 50802
I510392 = 399
I638775 = 3085
IA41009 = 34402
IBWUHZ500848 = 22476
ICA94781 = 21
ICGIB87792 = 8283
ID104511 = 8966
IEDMO676857 = 2308
IF201123 = 434
IGA612846 = 68461
IGAPCW20589 = 47
IGB310520 = 24
IIA632242 = 905
IIFMBA66661 = 9833
IJ715529 = 4059
IKM631290 = 14782
IM811005 = 101032
IMXK976720 = 1062
IOSP934235 = 69380
IOX304924 = 3410
IP557535 = 13038
IR975183 = 13075
IRYSV995515 = 35624
IS463535 = 9241
ISLF722351 = 8140
ISX637039 = 95
ITQK792228 = 287
IUYY203544 = 50
IVRHM67099 = 25713
IWFOH888650 = 24754
IWLCFZ952431 = 20850
IX346311 = 211
IXFYTA110733 = 3061
IYBQRU684716 = 347
IYLL506289 = 28994
IYPTAL626735 = 23
IZ161272 = 421
J1710 = 105803
J409004 = 95
J432310 = 13
J445594 = 5939
J720053 = 540
J834075 = 13580
JA671919 = 69926
JAE579458 = 7
JAG710082 = 1076
JAR711234 = 5421
JCGY122019 = 404
JCKFM21194 = 91
JEM809290 = 39162
JEUUD193983 = 446
JF507964 = 287
JGBRX325601 = 1347
JGSIM799831 = 23893
JGYYQ461534 = 7729
JIM584209 = 17735
JIMW84261 = 6860
JMRC753816 = 11508
JN682804 = 59630
JNBKT354876 = 1419
JNL650868 = 24983
JNRY108343 = 717
JOND879726 = 28994
JOVWD374256 = 16667
JOX332927 = 282
JQ631813 = 750
JQUL668745 = 17145
JR138124 = 23893
JRDJP605457 = 28451
JRNQ928054 = 16985
JS148360 = 430
JSYB929367 = 10226
JULY716955 = 462
JVE243648 = 1970
JVRQP410559 = 3060
JXSYI460202 = 9147
JYH551984 = 27727
JZ665944 = 3281
JZDZ581826 = 347
JZG454157 = 56464
JZTJWX506252 = 843
K104402 = 18449
K697568 = 1359
K947695 = 34112
KAQQ657873 = 3935
KDR900586 = 9304
KERQSU535212 = 2807
KFGVG465481 = 122756
KHM14828 = 14551
KHMCA324382 = 1491
KID119372 = 10675
KJWB529469 = 4853
KJXEP538953 = 10454
KKP412898 = 645
KMJVAP313085 = 34814
KNIIGF803395 = 28763
KNTZ78053 = 2782
KQJ943920 = 1468
KSR963860 = 45234
KSZW385381 = 8547
KUACB66365 = 6848
KV384617 = 8531
KVQROP327565 = 50
KY676427 = 1608
KYG924530 = 25
KYTLYO825538 = 1
KZH72613 = 558
L10210 = 24453
L105488 = 36998
L143724 = 96
L217691 = 74143
L683086 = 8324
L744961 = 2621
LBWQMF868615 = 26786
LC271405 = 17882
LCP4292 = 20963
LDK429676 = 85332
LFMC616633 = 21844
LFNILF110429 = 74886
LFVM203121 = 7622
LH125438 = 1538
LH613055 = 13022
LHWWDJ560304 = 1
LIXX703345 = 20
LJ254455 = 34001
LJAG938776 = 16151
LK119252 = 2478
LLFWA987458 = 128496
LLICG539603 = 27181
LMHOQV788315 = 55742
LMI675294 = 3061
LMYORJ132559 = 10416
LN825342 = 488
LPTBE282338 = 21855
LQCJTB709996 = 21644
LQMO988483 = 11
LSIK55388 = 16303
LT724760 = 25753
LTRUSB632003 = 7272
LV322431 = 3927
LWVIP186297 = 26629
LYIK684464 = 5
LYIPB283313 = 14509
LYMX73893 = 115
LYQ184330 = 6906
M220328 = 9817
M258074 = 13441
M387776 = 11
M411711 = 7638
M425034 = 12443
M449064 = 20023
M655472 = 78222
M702046 = 71
M71865 = 3912
M728377 = 21470
M787871 = 897
M800844 = 2004
M933920 = 3060
M98578 = 6033
MALND724804 = 3368
MBZCHK623736 = 5504
MC635596 = 17504
MD246288 = 3360
MDRNLN779534 = 17086
MER753102 = 2691
MFV293316 = 71
MG684641 = 258
MGDTE464788 = 24874
MGXKZ634530 = 21710
MIK680598 = 8
MJKA574192 = 1970
MKPU330021 = 65497
MLA404742 = 19503
MLECLM439885 = 427
MNNEBP639367 = 4624
MOFIHM136832 = 351
MQ997720 = 1490
MRKES21445 = 35324
MRU847267 = 20545
MTOFQ895816 = 4092
MV157413 = 6336
MWDL607236 = 11481
MXKQH928128 = 7101
MYA850448 = 2609
MYBK177371 = 8616
N113770 = 140112
N478006 = 4141
N902878 = 12656
NB952899 = 642
NBA185035 = 2782
NBTQVQ26934 = 101800
NDBK426777 = 57126
NDTJG623973 = 439
NET894787 = 2045
NETXXM632833 = 53759
NEZY985786 = 13022
NFYV20072 = 18384
NIF963233 = 39657
NIVGF798214 = 3495
NKEUC922098 = 11790
NKHFJ541694 = 50
NKV87886 = 1
NL296644 = 7466
NLPDZ992389 = 11219
NLQOVI171683 = 2753
NLX217302 = 43848
NM58728 = 25
NMIESO71699 = 4596
NMLWAB829763 = 16
NOF626935 = 6547
NONZ631028 = 52773
NOVWLI454067 = 46
NPT533278 = 3721
NPVODX967710 = 71
NPYAW818459 = 17308
NQGC663310 = 8839
NVGNU997113 = 43900
NVXE394182 = 27741
NWTJI941721 = 38756
NXMY980608 = 8434
NYWZ386494 = 1467
NZ477415 = 849
NZPJ695561 = 121867
O139335 = 59419
O196861 = 404
O566943 = 83269
O895947 = 209
OAHR175230 = 993
OAMN415805 = 19
OBZYW228902 = 21911
OCRB88222 = 105542
ODRMX973966 = 36712
OE431447 = 38662
OF820456 = 7646
OG606038 = 1409
OGC920603 = 2383
OHUIR250121 = 10626
OJX269177 = 13937
OK212540 = 17096
OKEBD233946 = 33009
OKKXYI939305 = 13038
OKLNI444038 = 14254
OLB172068 = 13515
OLMD77026 = 69421
OMQH426797 = 1
OOE786665 = 17080
OOHVSH845791 = 40845
OOTDR589636 = 3810
OP400915 = 14418
OQRD222894 = 777
ORBDMZ798428 = 459
ORDNR337661 = 43781
ORYD532521 = 24
OSZ999793 = 112606
OTLA581453 = 45384
OTRQD830176 = 50
OVGVMH358693 = 38810
OVVR918132 = 21036
OXEAQ597359 = 10675
P102622 = 7466
P176332 = 4624
P317069 = 1467
P443279 = 639
P669785 = 33270
P686339 = 52270
P836269 = 434
P92674 = 13253
P992445 = 905
PBVFTD466657 = 15708
PCKK228746 = 11
PCO9321 = 32504
PDZK633737 = 6927
PEGMOO466855 = 9100
PEWQ67153 = 7622
PF488659 = 1657
PHAE663315 = 86666
PHXXPA905268 = 66006
PIJQHF952691 = 17296
PK447974 = 43023
PKKMJ346778 = 78831
PLAKC422750 = 15732
PNABN277067 = 10368
PPAENS32305 = 49860
PQQRQB678250 = 6905
PR760059 = 1635
PRAQK631932 = 924
PRNRTC58457 = 7288
PRQFR954470 = 34929
PS927379 = 6482
PSSNV683276 = 558
PSXIC494662 = 50
PT938333 = 23
PUNDJ225620 = 0
PXSFMJ96207 = 34133
PYMBG912697 = 4591
PZCPDO648051 = 50
Q13335 = 9012
Q146356 = 405
Q247441 = 16612
Q341151 = 2478
Q369570 = 351
Q375985 = 29505
Q380703 = 10454
Q910919 = 0
Q961862 = 24
Q997746 = 10167
QAMKKC991551 = 64322
QAUBV826073 = 49942
QCBIAA68714 = 3759
QCK399358 = 63451
QCO471397 = 41834
QCUU267614 = 23134
QDUF562827 = 6459
QF972368 = 133298
QFSR103651 = 22701
QFTS472039 = 17726
QGAA2957 = 119466
QGHJKX546825 = 16580
QKG356701 = 38631
QLQRQL94376 = 2457
QMYPQ374293 = 10160
QN274680 = 5743
QNI430513 = 987
QNNQ782479 = 95
QPJZFP774820 = 10650
QQSU133818 = 4249
QR256547 = 23279
QTUHPE109177 = 69495
QU703553 = 347
QUHBK804610 = 287
QULS426170 = 618
QUYZ888906 = 11365
QV600389 = 115
QWSX909193 = 19054
QX959004 = 10321
QZ125866 = 20
R138991 = 55742
R235173 = 46974
R453622 = 16934
R532157 = 6899
R717815 = 1970
R732918 = 5493
R867887 = 59440
R949451 = 53694
RCXBMZ244605 = 7251
RDYC91351 = 148897
RFVKEA958505 = 3589
RFZWMG589659 = 21160
RIES540636 = 36903
RJOMIM717724 = 6813
RL321299 = 8701
RNAJQL794803 = 13662
ROOVTX548959 = 717
RPNLAS24272 = 805
RPQQ793917 = 25718
RPRNP482486 = 11720
RPRY777093 = 25922
RPUTG833828 = 1449
RQQS439566 = 26491
RQTNX783419 = 46069
RR938124 = 45972
RRFE682840 = 8324
RRHWE673921 = 90818
RTJDWT404377 = 7622
RTZAZ917366 = 62754
RU465316 = 2045
RWEPOI132591 = 95
RXLJN155888 = 10601
RYGIY997983 = 7111
RYSHCM975683 = 5452
S420960 = 32799
S46922 = 351
S495058 = 6482
S544957 = 15634
S840875 = 8615
S884549 = 9979
SAXXI427423 = 1287
SB657665 = 70834
SF321680 = 23893
SGCX268862 = 20830
SGSR102242 = 5071
SI956393 = 13423
SJPGJD6425 = 96281
SKEBL23901 = 211
SKVH433182 = 17492
SLKX241633 = 3824
SLS665088 = 8929
SLWSSK753256 = 48334
SM591607 = 3035
SMZ606622 = 8077
SNC355508 = 49729
SNVWV662744 = 4200
SODEBQ835862 = 19
SP536140 = 952
SRMV914572 = 16612
SSD616787 = 581
SSPJV932329 = 7994
STIA227683 = 70
STS140195 = 49969
SUF236084 = 262
SUVC446110 = 28683
SUWQJK136869 = 21869
SV707094 = 70
SVQ140809 = 13314
SWCUBH338181 = 23065
SWUDQ736601 = 95
SYBREM749914 = 80495
SZ217413 = 547
SZ891789 = 67117
T174298 = 139012
T445992 = 9692
T664983 = 116226
T67719 = 20515
T706512 = 351
TAG45412 = 571
TBDAO611954 = 190
TBYR39763 = 24
TC471989 = 944
TDFJ710064 = 15467
TDMPZF747077 = 8115
TGFIE96908 = 50507
THE607481 = 985
TJ491899 = 22
TJML902905 = 12387
TJZHQ312795 = 36182
TKUP920391 = 17640
TLBC582841 = 1730
TLNK603131 = 4524
TLWLN525404 = 11626
TM118663 = 4707
TMUJ918100 = 24754
TNFH907629 = 36983
TNK453782 = 1031
TNUPFL948122 = 32504
TOAU991140 = 74
TODQTN64971 = 11
TOTHE131054 = 40601
TPQ606633 = 8200
TPWA175347 = 37080
TPX502740 = 69421
TSNA261918 = 6033
TSTDAZ154764 = 20940
TSXR359691 = 1970
TUB509212 = 50
TUQ173355 = 20378
TUW321126 = 12056
TWAUH984060 = 1172
TWFEHZ35501 = 25
TX248015 = 36580
TX833370 = 886
TZTXO409598 = 7206
U257240 = 69291
U408555 = 171127
U542127 = 484
U578096 = 849
U589542 = 25718
U867152 = 82210
UA275833 = 91
UAH840521 = 43270
UBEAQ350249 = 16580
UCQPD251348 = 6916
UD731455 = 1449
UH222249 = 13566
UIPTR740151 = 30689
UKIURZ846763 = 2407
UKWZGV787703 = 311
ULN778568 = 21869
ULX947709 = 3
UNHF273423 = 9192
UNM781228 = 4596
UNVD331533 = 2132
UOHXMR117300 = 10446
UPPCSL123481 = 70
UQ784968 = 50
UQAW226707 = 404
URHXAA368519 = 11486
USAT72521 = 10731
UTU963498 = 94973
UU574608 = 466
UUM724254 = 174914
UWL460795 = 8645
UX172326 = 578
UYDF221940 = 213
UYO856267 = 21150
UZARG301930 = 28858
V224406 = 48884
V452022 = 777
V607816 = 121142
V614908 = 1074
V636968 = 1493
V686045 = 37426
VA797483 = 59421
VBCBKW926260 = 61613
VBCQWJ180817 = 266
VCB120454 = 10805
VDE634272 = 24146
VE635954 = 3361
VEA807116 = 3674
VECXGU622660 = 34261
VED749723 = 27250
VEFUVU537628 = 6773
VFLEB900384 = 532
VFYEKD382267 = 17055
VGE999334 = 20
VIDWIA159470 = 8970
VIEOIT156939 = 6283
VJUGB610490 = 6519
VK650626 = 6855
VL421682 = 10685
VMDFG671855 = 137
VPPF248268 = 23090
VQYE837526 = 36531
VRQVT601450 = 5044
VSM42325 = 23857
VSRFP296914 = 19503
VTK264071 = 16788
VTK421334 = 23893
VVFHWY133392 = 71
VVMC700727 = 1018
VWBV267501 = 8253
VWC587490 = 63549
VXLWX749909 = 9785
W127286 = 16190
W870528 = 1449
WA839690 = 16373
WAVBN83295 = 22483
WBO761662 = 66179
WCCN337089 = 28774
WCHJY210813 = 69415
WCJ98791 = 404
WCNSLG92608 = 558
WDOPPW512083 = 1031
WEAOC668986 = 45234
WEMW274832 = 4093
WF973541 = 46
WFHEYS175143 = 17252
WFQUAI398486 = 146
WGHQZU944012 = 16985
WHAJK370081 = 404
WHNBY118198 = 25801
WHWSFP683440 = 44641
WIGZ656386 = 2782
WJA675990 = 10085
WJUVO32826 = 14541
WJZZO13014 = 4853
WKQGS697298 = 32968
WM358499 = 64605
WQHK599440 = 50756
WTNZY399569 = 4141
WTQIPK469358 = 9258
WTW33345 = 8634
WU731227 = 146
WUVOJU617849 = 60008
WV651228 = 9948
WVTK157835 = 5964
WW770492 = 6547
WZIQYA399496 = 29492
X266621 = 5032
X321953 = 249
X403513 = 10085
X430776 = 9147
X49792 = 2890
X831388 = 2478
X958814 = 28656
XAIZW956602 = 2088
XB196218 = 24490
XEQIUD438310 = 10331
XFL769284 = 476
XGNA342611 = 1449
XI931002 = 17946
XIFBFZ879810 = 2003
XJKFNM704935 = 1486
XLZKI832050 = 11080
XMCU414178 = 30903
XN618488 = 558
XNEYT404415 = 25058
XNOPY445289 = 20409
XNWAZ136864 = 101089
XOP213026 = 1436
XOSE254446 = 730
XOWR251921 = 12777
XP350100 = 961
XQK502636 = 488
XU68851 = 4150
XUZQBJ728069 = 3407
XZ310635 = 36492
XZE458188 = 249
Y144963 = 549
Y421423 = 33467
Y524064 = 4293
Y7868 = 4524
Y824658 = 3880
Y88457 = 56366
Y983593 = 13097
YAB903964 = 52796
YBJPIX784649 = 578
YBL130308 = 287
YCR60153 = 105600
YDRO61992 = 1248
YEMXDO985968 = 20265
YENJ993783 = 4059
YFET892518 = 7418
YFJS267234 = 24449
YFSFM400478 = 42233
YGUVA777967 = 57239
YHJ915062 = 23
YHNV770531 = 18981
YINJ457947 = 13314
YIUEG978475 = 7123
YJ295077 = 908
YLQUS645466 = 516
YMBUX714130 = 11243
YMU991165 = 23
YNXD819512 = 5100
YO743663 = 24143
YPD477063 = 11969
YPP664896 = 61776
YR160225 = 434
YR709574 = 8755
YTRQN134374 = 11626
YU223130 = 6259
YU744249 = 25758
YV268523 = 67124
YVKS176335 = 24143
YWSV406749 = 3281
YXUU283966 = 5259
YYLQF556201 = 4293
Z293077 = 1677
Z319681 = 4256
Z380642 = 4633
Z731224 = 578
ZCRZFY124623 = 18981
ZCTEG349613 = 6899
ZDQ491104 = 13189
ZDUUE108413 = 21601
ZE514055 = 5939
ZEMWK187064 = 48133
ZEWRU493056 = 405
ZEZ506912 = 58941
ZFI900567 = 383
ZFUV342083 = 24666
ZGFRI300445 = 33286
ZGSHPJ44395 = 12997
ZHW144006 = 13255
ZHZQ419362 = 22948
ZI697248 = 23893
ZIL549396 = 23
ZIM598051 = 31946
ZIR27173 = 26025
ZJX346851 = 20963
ZKRK6380 = 70
ZLFRW542026 = 6579
ZLFXXA990187 = 77498
ZLGEJN573511 = 2691
ZMMQ323403 = 147
ZN162432 = 33340
ZN407014 = 95171
ZOM356983 = 993
ZOQJDZ368622 = 44301
ZSFUOQ169978 = 10454
ZSS542828 = 3775
ZT337510 = 4927
ZTRUMZ881115 = 4653
ZVRAO124657 = 40841
ZWXRKP116983 = 11210
ZX270545 = 42496
ZY662624 = 74
ZZJCCD208416 = 5995
ZZMA738813 = 21710
