ZVCWX286862 = 388
ZITHD593141 = 21
ZBRVL532603 = 416
Z141241 = 12
ZSSUX822322 = 388
YFR594829 = 292
YJ132822 = 120
XXCIIV636596 = 1164
XWV474788 = 6660
YQ154230 = 1124
XWP11032 = 1912
ZAM853547 = 864
X331125 = 512
WLLITA247120 = 1744
WFXTOY979282 = 2188
WALCR510322 = 1700
VSOTSR674805 = 5116
VOG809402 = 1464
W262385 = 1192
V971547 = 2520
UAOWEN179441 = 6668
TO650699 = 0
TFH910918 = 1004
XBUFG851340 = 360
TCV806077 = 1464
YADK361847 = 1380
SY912396 = 1708
SNC791961 = 408
ELBMJH573665 = 10
EYQBIY32076 = 16
EEWU373312 = 708
I337667 = 320
QUU742671 = 276
EGBVU607164 = 7704
DZOBK22339 = 132
HCOBIZ670430 = 2168
FLUO152801 = 188
JGVGQ931049 = 16
JSLVFI259473 = 748
DBLV308198 = 2440
BP115731 = 1584
YY401650 = 1784
YGHVQN390273 = 3072
P530442 = 31
U117394 = 188
EADK981724 = 232
DSST730162 = 60
KH670739 = 80
MHKV679163 = 608
DKM834320 = 4160
DGYUKF569760 = 12
CWXIC477883 = 1032
ZZLDU762177 = 184
KECWZD938517 = 32
QKGWMO460930 = 384
I306551 = 12
JFFFBN122943 = 216
SIPSW648402 = 44
KS709486 = 2856
MZ312524 = 12
F300556 = 16
TEJGG669365 = 48
YH416058 = 3996
ENDLF111970 = 760
UJ241361 = 3552
GHAXFV868442 = 928
D284924 = 216
SLDSWU653432 = 15
G507320 = 12
E581788 = 1608
CJ699282 = 76
CESEEE377390 = 156
O327944 = 188
ANZ771087 = 440
CDQ374331 = 132
QOB449081 = 940
KLGM920221 = 716
ZMPY109546 = 796
CB908148 = 1192
KEG603321 = 116
DOXYD511983 = 416
WMCWPE249499 = 1308
VDEFR914032 = 120
D694664 = 2956
A933444 = 344
YJBU448337 = 48
ZHG610566 = 3780
PPUXK972937 = 92
CBVWA390551 = 6244
GC219006 = 1280
DYOG45656 = 188
RD677984 = 660
Y805568 = 76
NZSQ735131 = 16
CSHW249129 = 48
HFXC774295 = 32
WXJTSW141797 = 368
H193998 = 476
ZW193367 = 2523
CSODOR537783 = 532
LXSX116496 = 48
SAA226812 = 156
O108440 = 1096
PQHV445579 = 48
ATHHWT911957 = 568
QEZE96786 = 236
UXM702870 = 408
WIJ376693 = 32
AD601553 = 32
A223764 = 1728
CT646855 = 188
GMHNE91708 = 1052
NGQ602782 = 1512
HA598622 = 12
C266160 = 1812
PU158366 = 408
FHPLAK901993 = 3124
MUX916104 = 1164
K962921 = 1199
O263808 = 2343
DTXU473753 = 1704
HKEHTU373829 = 280
JNLYU972724 = 704
IGIZVP14742 = 344
QMEF471560 = 252
NDXHK710694 = 1000
JLDFJO774097 = 944
LGARBM826272 = 576
I231251 = 92
F542499 = 92
F794630 = 2604
APIFNJ426352 = 1056
Z897071 = 4248
C767786 = 21
GOIT305160 = 692
LR235678 = 744
XI406943 = 5864
RUT954799 = 547
WUPWRP983915 = 180
NY678147 = 2684
TX244950 = 16
MVP729704 = 480
XYO383723 = 432
ROLIGY91472 = 844
T757795 = 4299
ZLYTZY783997 = 16
PWQMA502962 = 3800
B444355 = 16
T130226 = 16
PZBVQW839450 = 2228
WJDTY55857 = 44
CYHGQ263527 = 48
C317838 = 1592
RG406510 = 3664
I336109 = 944
TEWPIT90577 = 848
DSH364787 = 44
YRYXG883795 = 132
D53310 = 44
EKHDC241904 = 180
EABPW545196 = 252
CIMLFN586610 = 892
AXTF675160 = 216
I763485 = 1408
A682651 = 516
EKSXOZ906161 = 80
OBCNB188398 = 148
BC76228 = 384
QNU608775 = 280
BAUPY42239 = 2424
UTXSAD830375 = 120
NYJ957805 = 1384
FZNBF450628 = 16
TMIJDW697273 = 1348
YW299337 = 624
YIGQC197565 = 2692
V770357 = 500
O559119 = 1576
YPN889618 = 760
S998420 = 376
BUQZXZ503267 = 5116
BQURU463667 = 388
WIYJS27082 = 16
BQEVK222988 = 1720
WCHED293783 = 388
XEIYJ234700 = 1188
CWJU473977 = 3579
BSLJTL115811 = 2000
VRBXAR425792 = 320
RJN38688 = 3236
R682134 = 3568
ASSZP502096 = 48
LBWGL611527 = 248
K339535 = 16
U892654 = 388
L752784 = 292
HRQ700993 = 408
F434084 = 92
OH657550 = 12
VE988013 = 2572
FDOVLG825981 = 16
FHC780449 = 480
TYINU190721 = 128
YZPYOJ755399 = 1032
L269916 = 2828
GG192189 = 15
DQP564338 = 796
HDMQ368913 = 1972
GGT685248 = 136
K515549 = 120
SQC80925 = 1188
OSCCJV93904 = 108
KVOWK773999 = 2952
CA40347 = 1652
GZF489294 = 5999
H213293 = 5316
HXG219933 = 116
CL913908 = 376
MJWXG342208 = 576
R649153 = 116
VI866005 = 516
IB586444 = 1052
IBPWR751065 = 76
R260599 = 1533
L854166 = 12
LEI449799 = 704
IKWD940353 = 356
HB947699 = 7340
IL208770 = 280
ILGGX239674 = 1280
N530369 = 5332
IQMIO661521 = 480
JBV494686 = 624
PKIOAA998453 = 388
JIM435589 = 2296
SVWK645095 = 728
JIRKYS819771 = 152
UF809551 = 60
DY683676 = 5024
JKFK392799 = 876
WNPSB792476 = 19
JUFY81120 = 2447
JYU742430 = 1736
KCKJ821997 = 1212
KEK275845 = 696
DVNUE688293 = 2576
KFXMFK603653 = 476
R521403 = 288
RS663023 = 1464
J530773 = 384
TM986110 = 80
KLXZ257747 = 388
IAO20165 = 1168
KQ332793 = 60
A347226 = 1188
KR463154 = 1772
LHHNAG139742 = 80
IV678761 = 120
LTARR913703 = 1608
LUJYJN992160 = 2652
ZQKXJ53124 = 684
MVI178702 = 216
NBSE619393 = 1804
JGJRU69815 = 604
NEDOTK479151 = 612
TODVL62151 = 204
XBKFIA671967 = 236
SDCZA592632 = 1408
QNQZOP411380 = 44
NWM845 = 1920
Q529602 = 1920
S73598 = 700
VCDQYH681654 = 3960
ZIUZVY36370 = 1336
MNS16843 = 108
ZLVN762246 = 1080
O77215 = 760
OALGRJ51568 = 876
LZPUG489862 = 3400
JKBSBR559212 = 132
ONP37097 = 120
SYWLV66730 = 532
OXV701722 = 804
QMZXNO823123 = 1256
ZN627054 = 12
FHFI252710 = 488
PWDX920390 = 4986
QN993279 = 300
XIBXN524935 = 4676
QCWW813624 = 3268
TVH539168 = 288
VZ932270 = 3164
VB187297 = 392
RCRXQ756011 = 4540
FZ907745 = 16
W282907 = 280
ZI557476 = 516
RWLNR894840 = 1056
XUAX983834 = 700
SLDDYL690489 = 2603
